<?xml version="1.0" encoding="UTF-8"?>
<!-- Generated by org.testng.reporters.JUnitReportReporter -->
<testsuite hostname="HPNote" name="Com.automation.test.SearchPageTest" tests="3" failures="0" timestamp="1 Apr 2018 05:29:11 GMT" time="20.356" errors="0">
  <testcase name="shoppingCartTest" time="3.491" classname="Com.automation.test.SearchPageTest"/>
  <testcase name="searchBookTest" time="12.724" classname="Com.automation.test.SearchPageTest"/>
  <testcase name="addToCartTest" time="4.141" classname="Com.automation.test.SearchPageTest"/>
</testsuite> <!-- Com.automation.test.SearchPageTest -->
